{"name":"Log","hostname":"DESKTOP-I52ILQE","pid":16212,"level":30,"version":"5.100.1","msg":"Ghost is running in development...","time":"2024-11-11T12:22:20.597Z","v":0}
{"name":"Log","hostname":"DESKTOP-I52ILQE","pid":16212,"level":30,"version":"5.100.1","msg":"Listening on: 127.0.0.1:2368","time":"2024-11-11T12:22:20.598Z","v":0}
{"name":"Log","hostname":"DESKTOP-I52ILQE","pid":16212,"level":30,"version":"5.100.1","msg":"Url configured as: http://localhost:2368/","time":"2024-11-11T12:22:20.599Z","v":0}
{"name":"Log","hostname":"DESKTOP-I52ILQE","pid":16212,"level":30,"version":"5.100.1","msg":"Ctrl+C to shut down","time":"2024-11-11T12:22:20.599Z","v":0}
{"name":"Log","hostname":"DESKTOP-I52ILQE","pid":16212,"level":30,"version":"5.100.1","msg":"Ghost server started in 0.952s","time":"2024-11-11T12:22:20.600Z","v":0}
{"name":"Log","hostname":"DESKTOP-I52ILQE","pid":16212,"level":40,"version":"5.100.1","msg":"Database state requires initialisation.","time":"2024-11-11T12:22:20.992Z","v":0}
{"name":"Log","hostname":"DESKTOP-I52ILQE","pid":16212,"level":30,"version":"5.100.1","msg":"Creating table: newsletters","time":"2024-11-11T12:22:21.412Z","v":0}
{"name":"Log","hostname":"DESKTOP-I52ILQE","pid":16212,"level":30,"version":"5.100.1","msg":"Creating table: posts","time":"2024-11-11T12:22:21.436Z","v":0}
{"name":"Log","hostname":"DESKTOP-I52ILQE","pid":16212,"level":30,"version":"5.100.1","msg":"Creating table: posts_meta","time":"2024-11-11T12:22:21.464Z","v":0}
{"name":"Log","hostname":"DESKTOP-I52ILQE","pid":16212,"level":30,"version":"5.100.1","msg":"Creating table: users","time":"2024-11-11T12:22:21.476Z","v":0}
{"name":"Log","hostname":"DESKTOP-I52ILQE","pid":16212,"level":30,"version":"5.100.1","msg":"Creating table: posts_authors","time":"2024-11-11T12:22:21.493Z","v":0}
{"name":"Log","hostname":"DESKTOP-I52ILQE","pid":16212,"level":30,"version":"5.100.1","msg":"Creating table: roles","time":"2024-11-11T12:22:21.500Z","v":0}
{"name":"Log","hostname":"DESKTOP-I52ILQE","pid":16212,"level":30,"version":"5.100.1","msg":"Creating table: roles_users","time":"2024-11-11T12:22:21.513Z","v":0}
{"name":"Log","hostname":"DESKTOP-I52ILQE","pid":16212,"level":30,"version":"5.100.1","msg":"Creating table: permissions","time":"2024-11-11T12:22:21.520Z","v":0}
{"name":"Log","hostname":"DESKTOP-I52ILQE","pid":16212,"level":30,"version":"5.100.1","msg":"Creating table: permissions_users","time":"2024-11-11T12:22:21.532Z","v":0}
{"name":"Log","hostname":"DESKTOP-I52ILQE","pid":16212,"level":30,"version":"5.100.1","msg":"Creating table: permissions_roles","time":"2024-11-11T12:22:21.539Z","v":0}
{"name":"Log","hostname":"DESKTOP-I52ILQE","pid":16212,"level":30,"version":"5.100.1","msg":"Creating table: settings","time":"2024-11-11T12:22:21.545Z","v":0}
{"name":"Log","hostname":"DESKTOP-I52ILQE","pid":16212,"level":30,"version":"5.100.1","msg":"Creating table: tags","time":"2024-11-11T12:22:21.556Z","v":0}
{"name":"Log","hostname":"DESKTOP-I52ILQE","pid":16212,"level":30,"version":"5.100.1","msg":"Creating table: posts_tags","time":"2024-11-11T12:22:21.568Z","v":0}
{"name":"Log","hostname":"DESKTOP-I52ILQE","pid":16212,"level":30,"version":"5.100.1","msg":"Creating table: invites","time":"2024-11-11T12:22:21.579Z","v":0}
{"name":"Log","hostname":"DESKTOP-I52ILQE","pid":16212,"level":30,"version":"5.100.1","msg":"Creating table: brute","time":"2024-11-11T12:22:21.596Z","v":0}
{"name":"Log","hostname":"DESKTOP-I52ILQE","pid":16212,"level":30,"version":"5.100.1","msg":"Creating table: sessions","time":"2024-11-11T12:22:21.602Z","v":0}
{"name":"Log","hostname":"DESKTOP-I52ILQE","pid":16212,"level":30,"version":"5.100.1","msg":"Creating table: integrations","time":"2024-11-11T12:22:21.617Z","v":0}
{"name":"Log","hostname":"DESKTOP-I52ILQE","pid":16212,"level":30,"version":"5.100.1","msg":"Creating table: webhooks","time":"2024-11-11T12:22:21.633Z","v":0}
{"name":"Log","hostname":"DESKTOP-I52ILQE","pid":16212,"level":30,"version":"5.100.1","msg":"Creating table: api_keys","time":"2024-11-11T12:22:21.639Z","v":0}
{"name":"Log","hostname":"DESKTOP-I52ILQE","pid":16212,"level":30,"version":"5.100.1","msg":"Creating table: mobiledoc_revisions","time":"2024-11-11T12:22:21.652Z","v":0}
{"name":"Log","hostname":"DESKTOP-I52ILQE","pid":16212,"level":30,"version":"5.100.1","msg":"Creating table: post_revisions","time":"2024-11-11T12:22:21.664Z","v":0}
{"name":"Log","hostname":"DESKTOP-I52ILQE","pid":16212,"level":30,"version":"5.100.1","msg":"Creating table: members","time":"2024-11-11T12:22:21.676Z","v":0}
{"name":"Log","hostname":"DESKTOP-I52ILQE","pid":16212,"level":30,"version":"5.100.1","msg":"Creating table: products","time":"2024-11-11T12:22:21.704Z","v":0}
{"name":"Log","hostname":"DESKTOP-I52ILQE","pid":16212,"level":30,"version":"5.100.1","msg":"Creating table: offers","time":"2024-11-11T12:22:21.715Z","v":0}
{"name":"Log","hostname":"DESKTOP-I52ILQE","pid":16212,"level":30,"version":"5.100.1","msg":"Creating table: benefits","time":"2024-11-11T12:22:21.737Z","v":0}
{"name":"Log","hostname":"DESKTOP-I52ILQE","pid":16212,"level":30,"version":"5.100.1","msg":"Creating table: products_benefits","time":"2024-11-11T12:22:21.749Z","v":0}
{"name":"Log","hostname":"DESKTOP-I52ILQE","pid":16212,"level":30,"version":"5.100.1","msg":"Creating table: members_products","time":"2024-11-11T12:22:21.756Z","v":0}
{"name":"Log","hostname":"DESKTOP-I52ILQE","pid":16212,"level":30,"version":"5.100.1","msg":"Creating table: posts_products","time":"2024-11-11T12:22:21.762Z","v":0}
{"name":"Log","hostname":"DESKTOP-I52ILQE","pid":16212,"level":30,"version":"5.100.1","msg":"Creating table: members_created_events","time":"2024-11-11T12:22:21.768Z","v":0}
{"name":"Log","hostname":"DESKTOP-I52ILQE","pid":16212,"level":30,"version":"5.100.1","msg":"Creating table: members_cancel_events","time":"2024-11-11T12:22:21.780Z","v":0}
{"name":"Log","hostname":"DESKTOP-I52ILQE","pid":16212,"level":30,"version":"5.100.1","msg":"Creating table: members_payment_events","time":"2024-11-11T12:22:21.786Z","v":0}
{"name":"Log","hostname":"DESKTOP-I52ILQE","pid":16212,"level":30,"version":"5.100.1","msg":"Creating table: members_login_events","time":"2024-11-11T12:22:21.793Z","v":0}
{"name":"Log","hostname":"DESKTOP-I52ILQE","pid":16212,"level":30,"version":"5.100.1","msg":"Creating table: members_email_change_events","time":"2024-11-11T12:22:21.799Z","v":0}
{"name":"Log","hostname":"DESKTOP-I52ILQE","pid":16212,"level":30,"version":"5.100.1","msg":"Creating table: members_status_events","time":"2024-11-11T12:22:21.806Z","v":0}
{"name":"Log","hostname":"DESKTOP-I52ILQE","pid":16212,"level":30,"version":"5.100.1","msg":"Creating table: members_product_events","time":"2024-11-11T12:22:21.813Z","v":0}
{"name":"Log","hostname":"DESKTOP-I52ILQE","pid":16212,"level":30,"version":"5.100.1","msg":"Creating table: members_paid_subscription_events","time":"2024-11-11T12:22:21.819Z","v":0}
{"name":"Log","hostname":"DESKTOP-I52ILQE","pid":16212,"level":30,"version":"5.100.1","msg":"Creating table: labels","time":"2024-11-11T12:22:21.825Z","v":0}
{"name":"Log","hostname":"DESKTOP-I52ILQE","pid":16212,"level":30,"version":"5.100.1","msg":"Creating table: members_labels","time":"2024-11-11T12:22:21.842Z","v":0}
{"name":"Log","hostname":"DESKTOP-I52ILQE","pid":16212,"level":30,"version":"5.100.1","msg":"Creating table: members_stripe_customers","time":"2024-11-11T12:22:21.848Z","v":0}
{"name":"Log","hostname":"DESKTOP-I52ILQE","pid":16212,"level":30,"version":"5.100.1","msg":"Creating table: subscriptions","time":"2024-11-11T12:22:21.860Z","v":0}
{"name":"Log","hostname":"DESKTOP-I52ILQE","pid":16212,"level":30,"version":"5.100.1","msg":"Creating table: members_stripe_customers_subscriptions","time":"2024-11-11T12:22:21.867Z","v":0}
{"name":"Log","hostname":"DESKTOP-I52ILQE","pid":16212,"level":30,"version":"5.100.1","msg":"Creating table: members_subscription_created_events","time":"2024-11-11T12:22:21.884Z","v":0}
{"name":"Log","hostname":"DESKTOP-I52ILQE","pid":16212,"level":30,"version":"5.100.1","msg":"Creating table: offer_redemptions","time":"2024-11-11T12:22:21.901Z","v":0}
{"name":"Log","hostname":"DESKTOP-I52ILQE","pid":16212,"level":30,"version":"5.100.1","msg":"Creating table: members_subscribe_events","time":"2024-11-11T12:22:21.908Z","v":0}
{"name":"Log","hostname":"DESKTOP-I52ILQE","pid":16212,"level":30,"version":"5.100.1","msg":"Creating table: donation_payment_events","time":"2024-11-11T12:22:21.914Z","v":0}
{"name":"Log","hostname":"DESKTOP-I52ILQE","pid":16212,"level":30,"version":"5.100.1","msg":"Creating table: stripe_products","time":"2024-11-11T12:22:21.921Z","v":0}
{"name":"Log","hostname":"DESKTOP-I52ILQE","pid":16212,"level":30,"version":"5.100.1","msg":"Creating table: stripe_prices","time":"2024-11-11T12:22:21.932Z","v":0}
{"name":"Log","hostname":"DESKTOP-I52ILQE","pid":16212,"level":30,"version":"5.100.1","msg":"Creating table: actions","time":"2024-11-11T12:22:21.945Z","v":0}
{"name":"Log","hostname":"DESKTOP-I52ILQE","pid":16212,"level":30,"version":"5.100.1","msg":"Creating table: emails","time":"2024-11-11T12:22:21.951Z","v":0}
{"name":"Log","hostname":"DESKTOP-I52ILQE","pid":16212,"level":30,"version":"5.100.1","msg":"Creating table: email_batches","time":"2024-11-11T12:22:21.969Z","v":0}
{"name":"Log","hostname":"DESKTOP-I52ILQE","pid":16212,"level":30,"version":"5.100.1","msg":"Creating table: email_recipients","time":"2024-11-11T12:22:21.975Z","v":0}
{"name":"Log","hostname":"DESKTOP-I52ILQE","pid":16212,"level":30,"version":"5.100.1","msg":"Creating table: email_recipient_failures","time":"2024-11-11T12:22:22.008Z","v":0}
{"name":"Log","hostname":"DESKTOP-I52ILQE","pid":16212,"level":30,"version":"5.100.1","msg":"Creating table: tokens","time":"2024-11-11T12:22:22.014Z","v":0}
{"name":"Log","hostname":"DESKTOP-I52ILQE","pid":16212,"level":30,"version":"5.100.1","msg":"Creating table: snippets","time":"2024-11-11T12:22:22.026Z","v":0}
{"name":"Log","hostname":"DESKTOP-I52ILQE","pid":16212,"level":30,"version":"5.100.1","msg":"Creating table: custom_theme_settings","time":"2024-11-11T12:22:22.037Z","v":0}
{"name":"Log","hostname":"DESKTOP-I52ILQE","pid":16212,"level":30,"version":"5.100.1","msg":"Creating table: members_newsletters","time":"2024-11-11T12:22:22.043Z","v":0}
{"name":"Log","hostname":"DESKTOP-I52ILQE","pid":16212,"level":30,"version":"5.100.1","msg":"Creating table: comments","time":"2024-11-11T12:22:22.055Z","v":0}
{"name":"Log","hostname":"DESKTOP-I52ILQE","pid":16212,"level":30,"version":"5.100.1","msg":"Creating table: comment_likes","time":"2024-11-11T12:22:22.062Z","v":0}
{"name":"Log","hostname":"DESKTOP-I52ILQE","pid":16212,"level":30,"version":"5.100.1","msg":"Creating table: comment_reports","time":"2024-11-11T12:22:22.068Z","v":0}
{"name":"Log","hostname":"DESKTOP-I52ILQE","pid":16212,"level":30,"version":"5.100.1","msg":"Creating table: jobs","time":"2024-11-11T12:22:22.075Z","v":0}
{"name":"Log","hostname":"DESKTOP-I52ILQE","pid":16212,"level":30,"version":"5.100.1","msg":"Creating table: redirects","time":"2024-11-11T12:22:22.088Z","v":0}
{"name":"Log","hostname":"DESKTOP-I52ILQE","pid":16212,"level":30,"version":"5.100.1","msg":"Creating table: members_click_events","time":"2024-11-11T12:22:22.094Z","v":0}
{"name":"Log","hostname":"DESKTOP-I52ILQE","pid":16212,"level":30,"version":"5.100.1","msg":"Creating table: members_feedback","time":"2024-11-11T12:22:22.101Z","v":0}
{"name":"Log","hostname":"DESKTOP-I52ILQE","pid":16212,"level":30,"version":"5.100.1","msg":"Creating table: suppressions","time":"2024-11-11T12:22:22.107Z","v":0}
{"name":"Log","hostname":"DESKTOP-I52ILQE","pid":16212,"level":30,"version":"5.100.1","msg":"Creating table: email_spam_complaint_events","time":"2024-11-11T12:22:22.118Z","v":0}
{"name":"Log","hostname":"DESKTOP-I52ILQE","pid":16212,"level":30,"version":"5.100.1","msg":"Creating table: mentions","time":"2024-11-11T12:22:22.129Z","v":0}
{"name":"Log","hostname":"DESKTOP-I52ILQE","pid":16212,"level":30,"version":"5.100.1","msg":"Creating table: milestones","time":"2024-11-11T12:22:22.136Z","v":0}
{"name":"Log","hostname":"DESKTOP-I52ILQE","pid":16212,"level":30,"version":"5.100.1","msg":"Creating table: temp_mail_events","time":"2024-11-11T12:22:22.142Z","v":0}
{"name":"Log","hostname":"DESKTOP-I52ILQE","pid":16212,"level":30,"version":"5.100.1","msg":"Creating table: collections","time":"2024-11-11T12:22:22.148Z","v":0}
{"name":"Log","hostname":"DESKTOP-I52ILQE","pid":16212,"level":30,"version":"5.100.1","msg":"Creating table: collections_posts","time":"2024-11-11T12:22:22.160Z","v":0}
{"name":"Log","hostname":"DESKTOP-I52ILQE","pid":16212,"level":30,"version":"5.100.1","msg":"Creating table: recommendations","time":"2024-11-11T12:22:22.166Z","v":0}
{"name":"Log","hostname":"DESKTOP-I52ILQE","pid":16212,"level":30,"version":"5.100.1","msg":"Creating table: recommendation_click_events","time":"2024-11-11T12:22:22.172Z","v":0}
{"name":"Log","hostname":"DESKTOP-I52ILQE","pid":16212,"level":30,"version":"5.100.1","msg":"Creating table: recommendation_subscribe_events","time":"2024-11-11T12:22:22.178Z","v":0}
{"name":"Log","hostname":"DESKTOP-I52ILQE","pid":16212,"level":30,"version":"5.100.1","msg":"Model: Collection","time":"2024-11-11T12:22:22.716Z","v":0}
{"name":"Log","hostname":"DESKTOP-I52ILQE","pid":16212,"level":30,"version":"5.100.1","msg":"Model: Product","time":"2024-11-11T12:22:22.720Z","v":0}
{"name":"Log","hostname":"DESKTOP-I52ILQE","pid":16212,"level":30,"version":"5.100.1","msg":"Model: Newsletter","time":"2024-11-11T12:22:22.727Z","v":0}
{"name":"Log","hostname":"DESKTOP-I52ILQE","pid":16212,"level":30,"version":"5.100.1","msg":"Model: Tag","time":"2024-11-11T12:22:22.732Z","v":0}
{"name":"Log","hostname":"DESKTOP-I52ILQE","pid":16212,"level":30,"version":"5.100.1","msg":"Model: Permission","time":"2024-11-11T12:22:22.736Z","v":0}
{"name":"Log","hostname":"DESKTOP-I52ILQE","pid":16212,"level":30,"version":"5.100.1","msg":"Model: Post","time":"2024-11-11T12:22:22.937Z","v":0}
{"name":"Log","hostname":"DESKTOP-I52ILQE","pid":16212,"level":30,"version":"5.100.1","msg":"Model: Integration","time":"2024-11-11T12:22:23.617Z","v":0}
{"name":"Log","hostname":"DESKTOP-I52ILQE","pid":16212,"level":30,"version":"5.100.1","msg":"Relation: Role to Permission","time":"2024-11-11T12:22:23.661Z","v":0}
{"name":"Log","hostname":"DESKTOP-I52ILQE","pid":16212,"level":30,"version":"5.100.1","msg":"Relation: Post to Tag","time":"2024-11-11T12:22:23.856Z","v":0}
{"name":"Log","hostname":"DESKTOP-I52ILQE","pid":16212,"level":30,"version":"5.100.1","msg":"Database is in a ready state.","time":"2024-11-11T12:22:23.962Z","v":0}
{"name":"Log","hostname":"DESKTOP-I52ILQE","pid":16212,"level":30,"version":"5.100.1","msg":"Ghost database ready in 4.315s","time":"2024-11-11T12:22:23.963Z","v":0}
{"name":"Log","hostname":"DESKTOP-I52ILQE","pid":16212,"level":30,"version":"5.100.1","msg":"Invalidating assets for regeneration","time":"2024-11-11T12:22:26.003Z","v":0}
{"name":"Log","hostname":"DESKTOP-I52ILQE","pid":16212,"level":30,"version":"5.100.1","msg":"Adding offloaded job to the inline job queue","time":"2024-11-11T12:22:26.801Z","v":0}
{"name":"Log","hostname":"DESKTOP-I52ILQE","pid":16212,"level":30,"version":"5.100.1","msg":"Scheduling job mentions-email-report at 49 34 * * * *. Next run on: Mon Nov 11 2024 13:34:49 GMT+0100 (GMT+01:00)","time":"2024-11-11T12:22:26.809Z","v":0}
{"name":"Log","hostname":"DESKTOP-I52ILQE","pid":16212,"level":30,"version":"5.100.1","msg":"Adding one-off job to inlineQueue with current length = 0 called 'members-migrations'","time":"2024-11-11T12:22:27.122Z","v":0}
{"name":"Log","hostname":"DESKTOP-I52ILQE","pid":16212,"level":30,"version":"5.100.1","msg":"Stripe not configured - skipping migrations","time":"2024-11-11T12:22:27.132Z","v":0}
{"name":"Log","hostname":"DESKTOP-I52ILQE","pid":16212,"level":30,"version":"5.100.1","msg":"Ghost URL Service Ready in 7.73s","time":"2024-11-11T12:22:27.379Z","v":0}
{"name":"Log","hostname":"DESKTOP-I52ILQE","pid":16212,"level":30,"version":"5.100.1","msg":"Adding offloaded job to the inline job queue","time":"2024-11-11T12:22:27.598Z","v":0}
{"name":"Log","hostname":"DESKTOP-I52ILQE","pid":16212,"level":30,"version":"5.100.1","msg":"Scheduling job clean-expired-comped at 18 7 0 * * *. Next run on: Tue Nov 12 2024 00:07:18 GMT+0100 (GMT+01:00)","time":"2024-11-11T12:22:27.603Z","v":0}
{"name":"Log","hostname":"DESKTOP-I52ILQE","pid":16212,"level":30,"version":"5.100.1","msg":"Adding offloaded job to the inline job queue","time":"2024-11-11T12:22:27.608Z","v":0}
{"name":"Log","hostname":"DESKTOP-I52ILQE","pid":16212,"level":30,"version":"5.100.1","msg":"Scheduling job clean-tokens at 41 38 4 * * *. Next run on: Tue Nov 12 2024 04:38:41 GMT+0100 (GMT+01:00)","time":"2024-11-11T12:22:27.611Z","v":0}
{"name":"Log","hostname":"DESKTOP-I52ILQE","pid":16212,"level":30,"version":"5.100.1","msg":"Ghost booted in 7.971s","time":"2024-11-11T12:22:27.620Z","v":0}
{"name":"Log","hostname":"DESKTOP-I52ILQE","pid":16212,"level":30,"version":"5.100.1","msg":"Adding offloaded job to the inline job queue","time":"2024-11-11T12:22:27.648Z","v":0}
{"name":"Log","hostname":"DESKTOP-I52ILQE","pid":16212,"level":30,"version":"5.100.1","msg":"Scheduling job update-check at 1 39 11 * * *. Next run on: Tue Nov 12 2024 11:39:01 GMT+0100 (GMT+01:00)","time":"2024-11-11T12:22:27.652Z","v":0}
{"name":"Log","hostname":"DESKTOP-I52ILQE","pid":16212,"level":30,"version":"5.100.1","msg":"Running milestone emails job on Mon Nov 11 2024 13:22:32 GMT+0100 (GMT+01:00)","time":"2024-11-11T12:22:27.668Z","v":0}
{"name":"Log","hostname":"DESKTOP-I52ILQE","pid":16212,"level":30,"version":"5.100.1","msg":"[Recommendations] Updating recommendations metadata","time":"2024-11-11T12:26:21.651Z","v":0}
{"name":"Log","hostname":"DESKTOP-I52ILQE","pid":16212,"level":30,"version":"5.100.1","worker":{"resourceLimits":{"maxYoungGenerationSizeMb":48,"maxOldGenerationSizeMb":2048,"codeRangeSizeMb":0,"stackSizeMb":4},"threadId":1},"msg":"Worker for job \"mentions-email-report\" online","time":"2024-11-11T12:34:49.951Z","v":0}
{"name":"Log","hostname":"DESKTOP-I52ILQE","pid":16212,"level":30,"version":"5.100.1","msg":"Worker for job mentions-email-report sent a message: done","time":"2024-11-11T12:34:49.965Z","v":0}
